<?xml version="1.0" encoding="UTF-8"?>
<!-- Generated by org.testng.reporters.JUnitReportReporter -->
<testsuite hostname="LTIN296695" failures="0" tests="1" name="TestCase.Test_HealthInsurance" time="0.796" errors="0" timestamp="2024-04-04T14:12:50 IST" skipped="0">
  <testcase classname="TestCase.Test_HealthInsurance" name="health" time="0.796"/>
  <system-out/>
</testsuite> <!-- TestCase.Test_HealthInsurance -->
